<?xml version="1.0" encoding="UTF-8"?>
<!-- Generated by org.testng.reporters.JUnitReportReporter -->
<testsuite skipped="0" hostname="DESKTOP-987SG1D" name="com.wordpress.qa.testcases.AutomationTest" tests="3" failures="0" timestamp="2020-07-11T13:07:28 IST" time="50.171" errors="0">
  <testcase name="Alert" time="19.551" classname="com.wordpress.qa.testcases.AutomationTest"/>
  <system-out/>
  <testcase name="acti" time="16.693" classname="com.wordpress.qa.testcases.AutomationTest"/>
  <system-out/>
  <testcase name="actip" time="13.927" classname="com.wordpress.qa.testcases.AutomationTest"/>
  <system-out/>
</testsuite> <!-- com.wordpress.qa.testcases.AutomationTest -->
